<?xml version="1.0" encoding="UTF-8"?>
<testng-results ignored="0" total="2" passed="2" failed="0" skipped="0">
  <reporter-output>
  </reporter-output>
  <suite started-at="2022-08-05T08:20:24 PDT" name="Default suite" finished-at="2022-08-05T08:20:29 PDT" duration-ms="5386">
    <groups>
    </groups>
    <test started-at="2022-08-05T08:20:24 PDT" name="Default test" finished-at="2022-08-05T08:20:29 PDT" duration-ms="5386">
      <class name="com.gmoonline.Gmoonline2POM">
        <test-method is-config="true" signature="beforeSuite()[pri:0, instance:com.gmoonline.Gmoonline2POM@37afeb11]" started-at="2022-08-05T08:20:24 PDT" name="beforeSuite" finished-at="2022-08-05T08:20:24 PDT" duration-ms="15" status="PASS">
          <reporter-output>
          </reporter-output>
        </test-method> <!-- beforeSuite -->
        <test-method is-config="true" signature="beforeTest()[pri:0, instance:com.gmoonline.Gmoonline2POM@37afeb11]" started-at="2022-08-05T08:20:24 PDT" name="beforeTest" finished-at="2022-08-05T08:20:28 PDT" duration-ms="3746" status="PASS">
          <reporter-output>
          </reporter-output>
        </test-method> <!-- beforeTest -->
        <test-method is-config="true" signature="beforeClass()[pri:0, instance:com.gmoonline.Gmoonline2POM@37afeb11]" started-at="2022-08-05T08:20:28 PDT" name="beforeClass" finished-at="2022-08-05T08:20:28 PDT" duration-ms="1" status="PASS">
          <reporter-output>
          </reporter-output>
        </test-method> <!-- beforeClass -->
        <test-method is-config="true" signature="beforeMethod()[pri:0, instance:com.gmoonline.Gmoonline2POM@37afeb11]" started-at="2022-08-05T08:20:28 PDT" name="beforeMethod" finished-at="2022-08-05T08:20:28 PDT" duration-ms="1" status="PASS">
          <reporter-output>
          </reporter-output>
        </test-method> <!-- beforeMethod -->
        <test-method signature="GmoOnlineLoaded()[pri:0, instance:com.gmoonline.Gmoonline2POM@37afeb11]" started-at="2022-08-05T08:20:28 PDT" name="GmoOnlineLoaded" finished-at="2022-08-05T08:20:28 PDT" duration-ms="18" status="PASS">
          <reporter-output>
          </reporter-output>
        </test-method> <!-- GmoOnlineLoaded -->
        <test-method is-config="true" signature="afterMethod()[pri:0, instance:com.gmoonline.Gmoonline2POM@37afeb11]" started-at="2022-08-05T08:20:28 PDT" name="afterMethod" finished-at="2022-08-05T08:20:28 PDT" duration-ms="2" status="PASS">
          <reporter-output>
          </reporter-output>
        </test-method> <!-- afterMethod -->
        <test-method signature="ValidateEnterGmoOnline()[pri:1, instance:com.gmoonline.Gmoonline2POM@37afeb11]" started-at="2022-08-05T08:20:28 PDT" name="ValidateEnterGmoOnline" finished-at="2022-08-05T08:20:29 PDT" depends-on-methods="com.gmoonline.Gmoonline2POM.GmoOnlineLoaded" duration-ms="1519" status="PASS">
          <reporter-output>
          </reporter-output>
        </test-method> <!-- ValidateEnterGmoOnline -->
        <test-method is-config="true" signature="beforeMethod()[pri:0, instance:com.gmoonline.Gmoonline2POM@37afeb11]" started-at="2022-08-05T08:20:28 PDT" name="beforeMethod" finished-at="2022-08-05T08:20:28 PDT" duration-ms="0" status="PASS">
          <reporter-output>
          </reporter-output>
        </test-method> <!-- beforeMethod -->
        <test-method is-config="true" signature="afterMethod()[pri:0, instance:com.gmoonline.Gmoonline2POM@37afeb11]" started-at="2022-08-05T08:20:29 PDT" name="afterMethod" finished-at="2022-08-05T08:20:29 PDT" duration-ms="0" status="PASS">
          <reporter-output>
          </reporter-output>
        </test-method> <!-- afterMethod -->
        <test-method is-config="true" signature="afterTest()[pri:0, instance:com.gmoonline.Gmoonline2POM@37afeb11]" started-at="2022-08-05T08:20:29 PDT" name="afterTest" finished-at="2022-08-05T08:20:29 PDT" duration-ms="1" status="PASS">
          <reporter-output>
          </reporter-output>
        </test-method> <!-- afterTest -->
        <test-method is-config="true" signature="afterClass()[pri:0, instance:com.gmoonline.Gmoonline2POM@37afeb11]" started-at="2022-08-05T08:20:29 PDT" name="afterClass" finished-at="2022-08-05T08:20:29 PDT" duration-ms="0" status="PASS">
          <reporter-output>
          </reporter-output>
        </test-method> <!-- afterClass -->
        <test-method is-config="true" signature="afterSuite()[pri:0, instance:com.gmoonline.Gmoonline2POM@37afeb11]" started-at="2022-08-05T08:20:29 PDT" name="afterSuite" finished-at="2022-08-05T08:20:29 PDT" duration-ms="1" status="PASS">
          <reporter-output>
          </reporter-output>
        </test-method> <!-- afterSuite -->
      </class> <!-- com.gmoonline.Gmoonline2POM -->
    </test> <!-- Default test -->
  </suite> <!-- Default suite -->
</testng-results>
